{"level":"info","message":"Listening on port 3000..."}
{"level":"info","message":"Connected to mongodb://localhost/vidly..."}
{"level":"info","message":"Listening on port 3000..."}
{"level":"info","message":"Connected to mongodb://localhost/vidly..."}
{"level":"info","message":"Listening on port 3000..."}
{"level":"info","message":"Connected to mongodb://localhost/vidly..."}
{"level":"info","message":"Listening on port 3000..."}
{"level":"info","message":"Connected to mongodb://localhost/vidly..."}
{"level":"info","message":"Listening on port 3000..."}
{"level":"info","message":"Connected to mongodb://localhost/vidly..."}
{"level":"info","message":"Listening on port 3000..."}
{"level":"info","message":"Connected to mongodb://localhost/vidly..."}
{"level":"info","message":"Listening on port 3000..."}
{"level":"info","message":"Connected to mongodb://localhost/vidly..."}
{"level":"info","message":"Listening on port 3000..."}
{"level":"info","message":"Connected to mongodb://localhost/vidly..."}
{"level":"info","message":"Listening on port 3000..."}
{"level":"info","message":"Connected to mongodb://localhost/vidly..."}
{"level":"info","message":"Listening on port 3000..."}
{"level":"info","message":"Connected to mongodb://localhost/vidly..."}
{"level":"info","message":"Listening on port 3000..."}
{"level":"info","message":"Connected to mongodb://localhost/vidly..."}
{"level":"info","message":"Listening on port 3000..."}
{"level":"info","message":"Connected to mongodb://localhost/vidly..."}
{"level":"info","message":"Listening on port 3000..."}
{"level":"info","message":"Connected to mongodb://localhost/vidly..."}
{"level":"info","message":"Listening on port 3000..."}
{"level":"info","message":"Connected to mongodb://localhost/vidly..."}
{"level":"info","message":"Listening on port 3000..."}
{"level":"info","message":"Connected to mongodb://localhost/vidly..."}
{"level":"info","message":"Listening on port 3000..."}
{"level":"info","message":"Connected to mongodb://localhost/vidly..."}
{"level":"info","message":"Listening on port 3000..."}
{"level":"info","message":"Connected to mongodb://localhost/vidly..."}
{"level":"info","message":"Listening on port 3000..."}
{"level":"info","message":"Connected to mongodb://localhost/vidly_test..."}
{"level":"info","message":"Listening on port 3000..."}
{"level":"info","message":"Connected to mongodb://localhost/vidly_test..."}
{"level":"info","message":"Listening on port 3000..."}
{"level":"info","message":"Connected to mongodb://localhost/vidly_test..."}
{"level":"info","message":"Listening on port 3000..."}
{"level":"info","message":"Connected to mongodb://localhost/vidly..."}
{"level":"info","message":"Connected to mongodb://localhost/vidly_test..."}
{"level":"info","message":"Listening on port 3000..."}
{"level":"info","message":"Connected to mongodb://localhost/vidly..."}
{"level":"info","message":"Listening on port 3000..."}
{"level":"info","message":"Connected to mongodb://localhost/vidly_test..."}
{"level":"info","message":"Listening on port 3000..."}
{"level":"info","message":"Connected to mongodb://localhost/vidly_test..."}
{"level":"info","message":"Listening on port 3000..."}
{"level":"info","message":"Connected to mongodb://localhost/vidly_test..."}
{"level":"info","message":"Listening on port 3000..."}
{"level":"info","message":"Connected to mongodb://localhost/vidly_test..."}
{"level":"info","message":"Listening on port 3000..."}
{"level":"info","message":"Connected to mongodb://localhost/vidly_test..."}
{"level":"info","message":"Listening on port 3000..."}
{"level":"info","message":"Connected to mongodb://localhost/vidly_test..."}
{"level":"info","message":"Listening on port 3000..."}
{"level":"info","message":"Connected to mongodb://localhost/vidly_test..."}
{"level":"info","message":"Listening on port 3000..."}
{"level":"info","message":"Connected to mongodb://localhost/vidly_test..."}
{"level":"info","message":"Listening on port 3000..."}
{"level":"info","message":"Connected to mongodb://localhost/vidly_test..."}
{"level":"info","message":"Listening on port 3000..."}
{"level":"info","message":"Connected to mongodb://localhost/vidly_test..."}
{"level":"info","message":"Listening on port 3000..."}
{"level":"info","message":"Connected to mongodb://localhost/vidly_test..."}
{"level":"info","message":"Listening on port 3000..."}
{"level":"info","message":"Connected to mongodb://localhost/vidly_test..."}
{"level":"info","message":"Listening on port 3000..."}
{"level":"info","message":"Connected to mongodb://localhost/vidly_test..."}
{"level":"info","message":"Listening on port 3000..."}
{"level":"info","message":"Connected to mongodb://localhost/vidly_test..."}
{"level":"info","message":"Listening on port 3000..."}
{"level":"info","message":"Connected to mongodb://localhost/vidly_test..."}
{"level":"info","message":"Listening on port 3000..."}
{"level":"info","message":"Connected to mongodb://localhost/vidly_test..."}
{"level":"info","message":"Listening on port 3000..."}
{"level":"info","message":"Connected to mongodb://localhost/vidly_test..."}
{"level":"info","message":"Listening on port 3000..."}
{"level":"info","message":"Connected to mongodb://localhost/vidly_test..."}
{"level":"info","message":"Listening on port 3000..."}
{"level":"info","message":"Connected to mongodb://localhost/vidly_test..."}
{"kind":"ObjectId","level":"error","message":"Cast to ObjectId failed for value \"1\" (type string) at path \"_id\" for model \"Genre\" Cast to ObjectId failed for value \"1\" (type string) at path \"_id\" for model \"Genre\"","path":"_id","reason":{},"stack":"CastError: Cast to ObjectId failed for value \"1\" (type string) at path \"_id\" for model \"Genre\"\n    at model.Query.exec (C:\\Projects\\Js\\ultimate-full-stack-dev-mosh\\authentication\\vidly\\node_modules\\mongoose\\lib\\query.js:4498:21)\n    at model.Query.Object.<anonymous>.Query.then (C:\\Projects\\Js\\ultimate-full-stack-dev-mosh\\authentication\\vidly\\node_modules\\mongoose\\lib\\query.js:4592:15)\n    at processTicksAndRejections (node:internal/process/task_queues:96:5)","stringValue":"\"1\"","value":"1","valueType":"string"}
{"level":"info","message":"Listening on port 3000..."}
{"level":"info","message":"Connected to mongodb://localhost/vidly_test..."}
{"kind":"ObjectId","level":"error","message":"Cast to ObjectId failed for value \"1\" (type string) at path \"_id\" for model \"Genre\" Cast to ObjectId failed for value \"1\" (type string) at path \"_id\" for model \"Genre\"","path":"_id","reason":{},"stack":"CastError: Cast to ObjectId failed for value \"1\" (type string) at path \"_id\" for model \"Genre\"\n    at model.Query.exec (C:\\Projects\\Js\\ultimate-full-stack-dev-mosh\\authentication\\vidly\\node_modules\\mongoose\\lib\\query.js:4498:21)\n    at model.Query.Object.<anonymous>.Query.then (C:\\Projects\\Js\\ultimate-full-stack-dev-mosh\\authentication\\vidly\\node_modules\\mongoose\\lib\\query.js:4592:15)\n    at processTicksAndRejections (node:internal/process/task_queues:96:5)","stringValue":"\"1\"","value":"1","valueType":"string"}
{"level":"info","message":"Listening on port 3000..."}
{"level":"info","message":"Connected to mongodb://localhost/vidly_test..."}
{"kind":"ObjectId","level":"error","message":"Cast to ObjectId failed for value \"1\" (type string) at path \"_id\" for model \"Genre\" Cast to ObjectId failed for value \"1\" (type string) at path \"_id\" for model \"Genre\"","path":"_id","reason":{},"stack":"CastError: Cast to ObjectId failed for value \"1\" (type string) at path \"_id\" for model \"Genre\"\n    at model.Query.exec (C:\\Projects\\Js\\ultimate-full-stack-dev-mosh\\authentication\\vidly\\node_modules\\mongoose\\lib\\query.js:4498:21)\n    at model.Query.Object.<anonymous>.Query.then (C:\\Projects\\Js\\ultimate-full-stack-dev-mosh\\authentication\\vidly\\node_modules\\mongoose\\lib\\query.js:4592:15)\n    at processTicksAndRejections (node:internal/process/task_queues:96:5)","stringValue":"\"1\"","value":"1","valueType":"string"}
{"level":"info","message":"Listening on port 3000..."}
{"level":"info","message":"Connected to mongodb://localhost/vidly_test..."}
{"level":"info","message":"Listening on port 3000..."}
{"level":"info","message":"Connected to mongodb://localhost/vidly_test..."}
{"level":"info","message":"Listening on port 3000..."}
{"level":"info","message":"Connected to mongodb://localhost/vidly_test..."}
{"level":"info","message":"Listening on port 3000..."}
{"level":"info","message":"Connected to mongodb://localhost/vidly_test..."}
{"level":"info","message":"Listening on port 3000..."}
{"level":"info","message":"Connected to mongodb://localhost/vidly_test..."}
{"level":"info","message":"Listening on port 3000..."}
{"level":"info","message":"Connected to mongodb://localhost/vidly_test..."}
{"kind":"ObjectId","level":"error","message":"Cast to ObjectId failed for value \"1\" (type string) at path \"_id\" for model \"Genre\" Cast to ObjectId failed for value \"1\" (type string) at path \"_id\" for model \"Genre\"","path":"_id","reason":{},"stack":"CastError: Cast to ObjectId failed for value \"1\" (type string) at path \"_id\" for model \"Genre\"\n    at model.Query.exec (C:\\Projects\\Js\\ultimate-full-stack-dev-mosh\\authentication\\vidly\\node_modules\\mongoose\\lib\\query.js:4498:21)\n    at model.Query.Object.<anonymous>.Query.then (C:\\Projects\\Js\\ultimate-full-stack-dev-mosh\\authentication\\vidly\\node_modules\\mongoose\\lib\\query.js:4592:15)\n    at processTicksAndRejections (node:internal/process/task_queues:96:5)","stringValue":"\"1\"","value":"1","valueType":"string"}
{"level":"info","message":"Listening on port 3000..."}
{"level":"info","message":"Connected to mongodb://localhost/vidly_test..."}
{"level":"info","message":"Listening on port 3000..."}
{"level":"info","message":"Connected to mongodb://localhost/vidly_test..."}
{"level":"info","message":"Listening on port 3000..."}
{"level":"info","message":"Connected to mongodb://localhost/vidly_test..."}
{"level":"info","message":"Listening on port 3000..."}
{"level":"info","message":"Connected to mongodb://localhost/vidly_test..."}
{"level":"info","message":"Listening on port 3000..."}
{"level":"info","message":"Connected to mongodb://localhost/vidly_test..."}
{"level":"info","message":"Listening on port 3000..."}
{"level":"info","message":"Connected to mongodb://localhost/vidly_test..."}
{"level":"info","message":"Listening on port 3000..."}
{"level":"info","message":"Connected to mongodb://localhost/vidly_test..."}
{"level":"info","message":"Listening on port 3000..."}
{"level":"info","message":"Connected to mongodb://localhost/vidly_test..."}
{"level":"info","message":"Listening on port 3000..."}
{"level":"info","message":"Connected to mongodb://localhost/vidly_test..."}
{"level":"info","message":"Listening on port 3000..."}
{"level":"info","message":"Connected to mongodb://localhost/vidly_test..."}
{"level":"info","message":"Listening on port 3000..."}
{"level":"info","message":"Connected to mongodb://localhost/vidly_test..."}
{"_message":"Genre validation failed","errors":{"name":{"kind":"minlength","message":"Path `name` (`name`) is shorter than the minimum allowed length (5).","name":"ValidatorError","path":"name","properties":{"message":"Path `name` (`name`) is shorter than the minimum allowed length (5).","minlength":5,"path":"name","type":"minlength","value":"name"},"value":"name"}},"level":"error","message":"Genre validation failed: name: Path `name` (`name`) is shorter than the minimum allowed length (5). Genre validation failed: name: Path `name` (`name`) is shorter than the minimum allowed length (5).","stack":"ValidationError: Genre validation failed: name: Path `name` (`name`) is shorter than the minimum allowed length (5).\n    at model.Object.<anonymous>.Document.invalidate (C:\\Projects\\Js\\ultimate-full-stack-dev-mosh\\authentication\\vidly\\node_modules\\mongoose\\lib\\document.js:2782:32)\n    at C:\\Projects\\Js\\ultimate-full-stack-dev-mosh\\authentication\\vidly\\node_modules\\mongoose\\lib\\document.js:2574:17\n    at C:\\Projects\\Js\\ultimate-full-stack-dev-mosh\\authentication\\vidly\\node_modules\\mongoose\\lib\\schematype.js:1273:9\n    at processTicksAndRejections (node:internal/process/task_queues:78:11)"}
{"level":"info","message":"Listening on port 3000..."}
{"level":"info","message":"Connected to mongodb://localhost/vidly_test..."}
{"_message":"Genre validation failed","errors":{"name":{"kind":"minlength","message":"Path `name` (`name`) is shorter than the minimum allowed length (5).","name":"ValidatorError","path":"name","properties":{"message":"Path `name` (`name`) is shorter than the minimum allowed length (5).","minlength":5,"path":"name","type":"minlength","value":"name"},"value":"name"}},"level":"error","message":"Genre validation failed: name: Path `name` (`name`) is shorter than the minimum allowed length (5). Genre validation failed: name: Path `name` (`name`) is shorter than the minimum allowed length (5).","stack":"ValidationError: Genre validation failed: name: Path `name` (`name`) is shorter than the minimum allowed length (5).\n    at model.Object.<anonymous>.Document.invalidate (C:\\Projects\\Js\\ultimate-full-stack-dev-mosh\\authentication\\vidly\\node_modules\\mongoose\\lib\\document.js:2782:32)\n    at C:\\Projects\\Js\\ultimate-full-stack-dev-mosh\\authentication\\vidly\\node_modules\\mongoose\\lib\\document.js:2574:17\n    at C:\\Projects\\Js\\ultimate-full-stack-dev-mosh\\authentication\\vidly\\node_modules\\mongoose\\lib\\schematype.js:1273:9\n    at processTicksAndRejections (node:internal/process/task_queues:78:11)"}
{"level":"info","message":"Listening on port 3000..."}
{"level":"info","message":"Connected to mongodb://localhost/vidly_test..."}
{"_message":"Genre validation failed","errors":{"name":{"kind":"minlength","message":"Path `name` (`name`) is shorter than the minimum allowed length (5).","name":"ValidatorError","path":"name","properties":{"message":"Path `name` (`name`) is shorter than the minimum allowed length (5).","minlength":5,"path":"name","type":"minlength","value":"name"},"value":"name"}},"level":"error","message":"Genre validation failed: name: Path `name` (`name`) is shorter than the minimum allowed length (5). Genre validation failed: name: Path `name` (`name`) is shorter than the minimum allowed length (5).","stack":"ValidationError: Genre validation failed: name: Path `name` (`name`) is shorter than the minimum allowed length (5).\n    at model.Object.<anonymous>.Document.invalidate (C:\\Projects\\Js\\ultimate-full-stack-dev-mosh\\authentication\\vidly\\node_modules\\mongoose\\lib\\document.js:2782:32)\n    at C:\\Projects\\Js\\ultimate-full-stack-dev-mosh\\authentication\\vidly\\node_modules\\mongoose\\lib\\document.js:2574:17\n    at C:\\Projects\\Js\\ultimate-full-stack-dev-mosh\\authentication\\vidly\\node_modules\\mongoose\\lib\\schematype.js:1273:9\n    at processTicksAndRejections (node:internal/process/task_queues:78:11)"}
{"level":"info","message":"Listening on port 3000..."}
{"level":"info","message":"Connected to mongodb://localhost/vidly_test..."}
{"_message":"Genre validation failed","errors":{"name":{"kind":"minlength","message":"Path `name` (`name`) is shorter than the minimum allowed length (5).","name":"ValidatorError","path":"name","properties":{"message":"Path `name` (`name`) is shorter than the minimum allowed length (5).","minlength":5,"path":"name","type":"minlength","value":"name"},"value":"name"}},"level":"error","message":"Genre validation failed: name: Path `name` (`name`) is shorter than the minimum allowed length (5). Genre validation failed: name: Path `name` (`name`) is shorter than the minimum allowed length (5).","stack":"ValidationError: Genre validation failed: name: Path `name` (`name`) is shorter than the minimum allowed length (5).\n    at model.Object.<anonymous>.Document.invalidate (C:\\Projects\\Js\\ultimate-full-stack-dev-mosh\\authentication\\vidly\\node_modules\\mongoose\\lib\\document.js:2782:32)\n    at C:\\Projects\\Js\\ultimate-full-stack-dev-mosh\\authentication\\vidly\\node_modules\\mongoose\\lib\\document.js:2574:17\n    at C:\\Projects\\Js\\ultimate-full-stack-dev-mosh\\authentication\\vidly\\node_modules\\mongoose\\lib\\schematype.js:1273:9\n    at processTicksAndRejections (node:internal/process/task_queues:78:11)"}
{"level":"info","message":"Listening on port 3000..."}
{"level":"info","message":"Connected to mongodb://localhost/vidly_test..."}
{"_message":"Genre validation failed","errors":{"name":{"kind":"minlength","message":"Path `name` (`name`) is shorter than the minimum allowed length (5).","name":"ValidatorError","path":"name","properties":{"message":"Path `name` (`name`) is shorter than the minimum allowed length (5).","minlength":5,"path":"name","type":"minlength","value":"name"},"value":"name"}},"level":"error","message":"Genre validation failed: name: Path `name` (`name`) is shorter than the minimum allowed length (5). Genre validation failed: name: Path `name` (`name`) is shorter than the minimum allowed length (5).","stack":"ValidationError: Genre validation failed: name: Path `name` (`name`) is shorter than the minimum allowed length (5).\n    at model.Object.<anonymous>.Document.invalidate (C:\\Projects\\Js\\ultimate-full-stack-dev-mosh\\authentication\\vidly\\node_modules\\mongoose\\lib\\document.js:2782:32)\n    at C:\\Projects\\Js\\ultimate-full-stack-dev-mosh\\authentication\\vidly\\node_modules\\mongoose\\lib\\document.js:2574:17\n    at C:\\Projects\\Js\\ultimate-full-stack-dev-mosh\\authentication\\vidly\\node_modules\\mongoose\\lib\\schematype.js:1273:9\n    at processTicksAndRejections (node:internal/process/task_queues:78:11)"}
{"level":"info","message":"Listening on port 3000..."}
{"level":"info","message":"Connected to mongodb://localhost/vidly_test..."}
{"level":"info","message":"Listening on port 3000..."}
{"level":"info","message":"Connected to mongodb://localhost/vidly_test..."}
{"level":"info","message":"Listening on port 3000..."}
{"level":"info","message":"Connected to mongodb://localhost/vidly_test..."}
{"level":"info","message":"Listening on port 3000..."}
{"level":"info","message":"Connected to mongodb://localhost/vidly_test..."}
{"_message":"Genre validation failed","errors":{"name":{"kind":"maxlength","message":"Path `name` (`aaaaaaaaaaaaaaaaaaaaaaaaaaaaaaaaaaaaaaaaaaaaaaaaaaa`) is longer than the maximum allowed length (50).","name":"ValidatorError","path":"name","properties":{"maxlength":50,"message":"Path `name` (`aaaaaaaaaaaaaaaaaaaaaaaaaaaaaaaaaaaaaaaaaaaaaaaaaaa`) is longer than the maximum allowed length (50).","path":"name","type":"maxlength","value":"aaaaaaaaaaaaaaaaaaaaaaaaaaaaaaaaaaaaaaaaaaaaaaaaaaa"},"value":"aaaaaaaaaaaaaaaaaaaaaaaaaaaaaaaaaaaaaaaaaaaaaaaaaaa"}},"level":"error","message":"Genre validation failed: name: Path `name` (`aaaaaaaaaaaaaaaaaaaaaaaaaaaaaaaaaaaaaaaaaaaaaaaaaaa`) is longer than the maximum allowed length (50). Genre validation failed: name: Path `name` (`aaaaaaaaaaaaaaaaaaaaaaaaaaaaaaaaaaaaaaaaaaaaaaaaaaa`) is longer than the maximum allowed length (50).","stack":"ValidationError: Genre validation failed: name: Path `name` (`aaaaaaaaaaaaaaaaaaaaaaaaaaaaaaaaaaaaaaaaaaaaaaaaaaa`) is longer than the maximum allowed length (50).\n    at model.Object.<anonymous>.Document.invalidate (C:\\Projects\\Js\\ultimate-full-stack-dev-mosh\\authentication\\vidly\\node_modules\\mongoose\\lib\\document.js:2782:32)\n    at C:\\Projects\\Js\\ultimate-full-stack-dev-mosh\\authentication\\vidly\\node_modules\\mongoose\\lib\\document.js:2574:17\n    at C:\\Projects\\Js\\ultimate-full-stack-dev-mosh\\authentication\\vidly\\node_modules\\mongoose\\lib\\schematype.js:1273:9\n    at processTicksAndRejections (node:internal/process/task_queues:78:11)"}
{"level":"info","message":"Listening on port 3000..."}
{"level":"info","message":"Connected to mongodb://localhost/vidly_test..."}
{"level":"info","message":"Listening on port 3000..."}
{"level":"info","message":"Connected to mongodb://localhost/vidly_test..."}
{"level":"info","message":"Listening on port 3000..."}
{"level":"info","message":"Connected to mongodb://localhost/vidly_test..."}
{"level":"info","message":"Listening on port 3000..."}
{"level":"info","message":"Connected to mongodb://localhost/vidly_test..."}
{"level":"info","message":"Listening on port 3000..."}
{"level":"info","message":"Connected to mongodb://localhost/vidly_test..."}
{"level":"info","message":"Listening on port 3000..."}
{"level":"info","message":"Connected to mongodb://localhost/vidly_test..."}
{"level":"info","message":"Listening on port 3000..."}
{"level":"info","message":"Connected to mongodb://localhost/vidly_test..."}
{"level":"info","message":"Listening on port 3000..."}
{"level":"info","message":"Connected to mongodb://localhost/vidly_test..."}
{"level":"info","message":"Listening on port 3000..."}
{"level":"info","message":"Connected to mongodb://localhost/vidly_test..."}
{"level":"info","message":"Listening on port 3000..."}
{"level":"info","message":"Connected to mongodb://localhost/vidly_test..."}
{"level":"info","message":"Listening on port 3000..."}
{"level":"info","message":"Connected to mongodb://localhost/vidly_test..."}
{"level":"info","message":"Listening on port 3000..."}
{"level":"info","message":"Connected to mongodb://localhost/vidly_test..."}
{"level":"info","message":"Listening on port 3000..."}
{"level":"info","message":"Connected to mongodb://localhost/vidly_test..."}
{"level":"info","message":"Listening on port 3000..."}
{"level":"info","message":"Connected to mongodb://localhost/vidly_test..."}
{"level":"info","message":"Listening on port 3000..."}
{"level":"info","message":"Connected to mongodb://localhost/vidly_test..."}
{"level":"info","message":"Listening on port 3000..."}
{"level":"info","message":"Connected to mongodb://localhost/vidly_test..."}
{"level":"info","message":"Connected to mongodb://localhost/vidly_test..."}
{"level":"info","message":"Listening on port 3000..."}
{"level":"info","message":"Listening on port 3000..."}
{"level":"info","message":"Connected to mongodb://localhost/vidly_test..."}
{"level":"info","message":"Listening on port 3000..."}
{"level":"info","message":"Connected to mongodb://localhost/vidly_test..."}
{"level":"info","message":"Listening on port 3000..."}
{"level":"info","message":"Connected to mongodb://localhost/vidly_test..."}
{"level":"info","message":"Listening on port 3000..."}
{"level":"info","message":"Connected to mongodb://localhost/vidly_test..."}
{"level":"info","message":"Listening on port 3000..."}
{"level":"info","message":"Connected to mongodb://localhost/vidly_test..."}
{"level":"info","message":"Listening on port 3000..."}
{"level":"info","message":"Connected to mongodb://localhost/vidly_test..."}
{"level":"info","message":"Listening on port 3000..."}
{"level":"info","message":"Connected to mongodb://localhost/vidly_test..."}
{"level":"info","message":"Listening on port 3000..."}
{"level":"info","message":"Connected to mongodb://localhost/vidly_test..."}
{"level":"info","message":"Listening on port 3000..."}
{"level":"info","message":"Connected to mongodb://localhost/vidly_test..."}
{"level":"info","message":"Listening on port 3000..."}
{"level":"info","message":"Connected to mongodb://localhost/vidly_test..."}
{"level":"info","message":"Listening on port 3000..."}
{"level":"info","message":"Connected to mongodb://localhost/vidly_test..."}
{"level":"info","message":"Listening on port 3000..."}
{"level":"info","message":"Connected to mongodb://localhost/vidly_test..."}
{"level":"info","message":"Listening on port 3000..."}
{"level":"info","message":"Connected to mongodb://localhost/vidly_test..."}
{"level":"info","message":"Listening on port 3000..."}
{"level":"info","message":"Connected to mongodb://localhost/vidly_test..."}
{"level":"info","message":"Listening on port 3000..."}
{"level":"info","message":"Connected to mongodb://localhost/vidly_test..."}
{"level":"info","message":"Listening on port 3000..."}
{"level":"info","message":"Connected to mongodb://localhost/vidly_test..."}
{"level":"info","message":"Listening on port 3000..."}
{"level":"info","message":"Connected to mongodb://localhost/vidly_test..."}
{"level":"info","message":"Listening on port 3000..."}
{"level":"info","message":"Connected to mongodb://localhost/vidly_test..."}
{"level":"info","message":"Listening on port 3000..."}
{"level":"info","message":"Connected to mongodb://localhost/vidly_test..."}
{"level":"info","message":"Listening on port 3000..."}
{"level":"info","message":"Connected to mongodb://localhost/vidly_test..."}
{"level":"info","message":"Listening on port 3000..."}
{"level":"info","message":"Connected to mongodb://localhost/vidly_test..."}
{"level":"info","message":"Listening on port 3000..."}
{"level":"info","message":"Connected to mongodb://localhost/vidly_test..."}
{"level":"info","message":"Listening on port 3000..."}
{"level":"info","message":"Connected to mongodb://localhost/vidly_test..."}
{"level":"info","message":"Listening on port 3000..."}
{"level":"info","message":"Connected to mongodb://localhost/vidly_test..."}
{"level":"info","message":"Listening on port 3000..."}
{"level":"info","message":"Connected to mongodb://localhost/vidly_test..."}
{"level":"info","message":"Listening on port 3000..."}
{"level":"info","message":"Connected to mongodb://localhost/vidly_test..."}
{"level":"info","message":"Listening on port 3000..."}
{"level":"info","message":"Connected to mongodb://localhost/vidly_test..."}
{"level":"info","message":"Listening on port 3000..."}
{"level":"info","message":"Connected to mongodb://localhost/vidly_test..."}
{"level":"info","message":"Listening on port 3000..."}
{"level":"info","message":"Connected to mongodb://localhost/vidly_test..."}
{"level":"info","message":"Listening on port 3000..."}
{"level":"info","message":"Connected to mongodb://localhost/vidly_test..."}
{"level":"info","message":"Listening on port 3000..."}
{"level":"info","message":"Connected to mongodb://localhost/vidly_test..."}
{"level":"info","message":"Listening on port 3000..."}
{"level":"info","message":"Connected to mongodb://localhost/vidly_test..."}
{"level":"info","message":"Listening on port 3000..."}
{"level":"info","message":"Connected to mongodb://localhost/vidly_test..."}
{"level":"info","message":"Listening on port 3000..."}
{"level":"info","message":"Connected to mongodb://localhost/vidly_test..."}
{"level":"info","message":"Listening on port 3000..."}
{"level":"info","message":"Connected to mongodb://localhost/vidly_test..."}
{"level":"info","message":"Listening on port 3000..."}
{"level":"info","message":"Connected to mongodb://localhost/vidly_test..."}
{"level":"info","message":"Listening on port 3000..."}
{"level":"info","message":"Connected to mongodb://localhost/vidly_test..."}
{"level":"info","message":"Listening on port 3000..."}
{"level":"info","message":"Connected to mongodb://localhost/vidly_test..."}
{"level":"info","message":"Listening on port 3000..."}
{"level":"info","message":"Connected to mongodb://localhost/vidly_test..."}
{"level":"info","message":"Listening on port 3000..."}
{"level":"info","message":"Connected to mongodb://localhost/vidly_test..."}
{"level":"info","message":"Listening on port 3000..."}
{"level":"info","message":"Connected to mongodb://localhost/vidly_test..."}
{"level":"info","message":"Listening on port 3000..."}
{"level":"info","message":"Connected to mongodb://localhost/vidly_test..."}
{"level":"info","message":"Listening on port 3000..."}
{"level":"info","message":"Connected to mongodb://localhost/vidly_test..."}
{"level":"info","message":"Listening on port 3000..."}
{"level":"info","message":"Connected to mongodb://localhost/vidly_test..."}
{"level":"info","message":"Listening on port 3000..."}
{"level":"info","message":"Connected to mongodb://localhost/vidly_test..."}
{"level":"info","message":"Listening on port 3000..."}
{"level":"info","message":"Connected to mongodb://localhost/vidly_test..."}
{"level":"info","message":"Listening on port 3000..."}
{"level":"info","message":"Listening on port 3000..."}
{"level":"info","message":"Connected to mongodb://localhost/vidly_test..."}
{"level":"info","message":"Connected to mongodb://localhost/vidly_test..."}
{"level":"info","message":"Listening on port 3000..."}
{"level":"info","message":"Connected to mongodb://localhost/vidly_test..."}
{"level":"info","message":"Listening on port 3000..."}
{"level":"info","message":"Connected to mongodb://localhost/vidly_test..."}
{"level":"info","message":"Listening on port 3000..."}
{"level":"info","message":"Listening on port 3000..."}
{"level":"info","message":"Connected to mongodb://localhost/vidly_test..."}
{"level":"info","message":"Connected to mongodb://localhost/vidly_test..."}
